# JRE version: Java(TM) SE Runtime Environment (8.0_271-b09) (build 1.8.0_271-b09)
# Java VM: Java HotSpot(TM) 64-Bit Server VM (25.271-b09 mixed mode windows-amd64 compressed oops)
Heap:
 PSYoungGen      total 460800K, used 291156K [0x00000000e0500000, 0x00000000ffd00000, 0x0000000100000000)
  eden space 458752K, 63% used [0x00000000e0500000,0x00000000f1f75150,0x00000000fc500000)
  from space 2048K, 93% used [0x00000000fc500000,0x00000000fc6e0000,0x00000000fc700000)
  to   space 28672K, 0% used [0x00000000fe100000,0x00000000fe100000,0x00000000ffd00000)
 ParOldGen       total 311808K, used 256176K [0x00000000a0e00000, 0x00000000b3e80000, 0x00000000e0500000)
  object space 311808K, 82% used [0x00000000a0e00000,0x00000000b082c130,0x00000000b3e80000)
 Metaspace       used 43136K, capacity 44002K, committed 44288K, reserved 1087488K
  class space    used 5394K, capacity 5600K, committed 5632K, reserved 1048576K
GC Heap History (10 events):
Event: 495.146 GC heap before
{Heap before GC invocations=394 (full 15):
 PSYoungGen      total 487424K, used 460672K [0x00000000e0500000, 0x00000000ffd00000, 0x0000000100000000)
  eden space 458752K, 100% used [0x00000000e0500000,0x00000000fc500000,0x00000000fc500000)
  from space 28672K, 6% used [0x00000000fe100000,0x00000000fe2e0000,0x00000000ffd00000)
  to   space 2048K, 0% used [0x00000000fc500000,0x00000000fc500000,0x00000000fc700000)
 ParOldGen       total 311808K, used 218191K [0x00000000a0e00000, 0x00000000b3e80000, 0x00000000e0500000)
  object space 311808K, 69% used [0x00000000a0e00000,0x00000000ae313e58,0x00000000b3e80000)
 Metaspace       used 43135K, capacity 44002K, committed 44288K, reserved 1087488K
  class space    used 5394K, capacity 5600K, committed 5632K, reserved 1048576K
Event: 495.171 GC heap after
Heap after GC invocations=394 (full 15):
 PSYoungGen      total 460800K, used 2047K [0x00000000e0500000, 0x00000000ffd00000, 0x0000000100000000)
  eden space 458752K, 0% used [0x00000000e0500000,0x00000000e0500000,0x00000000fc500000)
  from space 2048K, 99% used [0x00000000fc500000,0x00000000fc6ffea0,0x00000000fc700000)
  to   space 28672K, 0% used [0x00000000fe100000,0x00000000fe100000,0x00000000ffd00000)
 ParOldGen       total 311808K, used 247403K [0x00000000a0e00000, 0x00000000b3e80000, 0x00000000e0500000)
  object space 311808K, 79% used [0x00000000a0e00000,0x00000000aff9ad58,0x00000000b3e80000)
 Metaspace       used 43135K, capacity 44002K, committed 44288K, reserved 1087488K
  class space    used 5394K, capacity 5600K, committed 5632K, reserved 1048576K
}
Event: 495.952 GC heap before
{Heap before GC invocations=395 (full 15):
 PSYoungGen      total 460800K, used 460799K [0x00000000e0500000, 0x00000000ffd00000, 0x0000000100000000)
  eden space 458752K, 100% used [0x00000000e0500000,0x00000000fc500000,0x00000000fc500000)
  from space 2048K, 99% used [0x00000000fc500000,0x00000000fc6ffea0,0x00000000fc700000)
  to   space 28672K, 0% used [0x00000000fe100000,0x00000000fe100000,0x00000000ffd00000)
 ParOldGen       total 311808K, used 247403K [0x00000000a0e00000, 0x00000000b3e80000, 0x00000000e0500000)
  object space 311808K, 79% used [0x00000000a0e00000,0x00000000aff9ad58,0x00000000b3e80000)
 Metaspace       used 43135K, capacity 44002K, committed 44288K, reserved 1087488K
  class space    used 5394K, capacity 5600K, committed 5632K, reserved 1048576K
Event: 495.961 GC heap after
Heap after GC invocations=395 (full 15):
 PSYoungGen      total 487424K, used 3392K [0x00000000e0500000, 0x00000000ffd00000, 0x0000000100000000)
  eden space 458752K, 0% used [0x00000000e0500000,0x00000000e0500000,0x00000000fc500000)
  from space 28672K, 11% used [0x00000000fe100000,0x00000000fe450000,0x00000000ffd00000)
  to   space 2048K, 0% used [0x00000000fc500000,0x00000000fc500000,0x00000000fc700000)
 ParOldGen       total 311808K, used 249482K [0x00000000a0e00000, 0x00000000b3e80000, 0x00000000e0500000)
  object space 311808K, 80% used [0x00000000a0e00000,0x00000000b01a2bc0,0x00000000b3e80000)
 Metaspace       used 43135K, capacity 44002K, committed 44288K, reserved 1087488K
  class space    used 5394K, capacity 5600K, committed 5632K, reserved 1048576K
}
Event: 496.672 GC heap before
{Heap before GC invocations=396 (full 15):
 PSYoungGen      total 487424K, used 462144K [0x00000000e0500000, 0x00000000ffd00000, 0x0000000100000000)
  eden space 458752K, 100% used [0x00000000e0500000,0x00000000fc500000,0x00000000fc500000)
  from space 28672K, 11% used [0x00000000fe100000,0x00000000fe450000,0x00000000ffd00000)
  to   space 2048K, 0% used [0x00000000fc500000,0x00000000fc500000,0x00000000fc700000)
 ParOldGen       total 311808K, used 249482K [0x00000000a0e00000, 0x00000000b3e80000, 0x00000000e0500000)
  object space 311808K, 80% used [0x00000000a0e00000,0x00000000b01a2bc0,0x00000000b3e80000)
 Metaspace       used 43135K, capacity 44002K, committed 44288K, reserved 1087488K
  class space    used 5394K, capacity 5600K, committed 5632K, reserved 1048576K
Event: 496.679 GC heap after
Heap after GC invocations=396 (full 15):
 PSYoungGen      total 460800K, used 1888K [0x00000000e0500000, 0x00000000ffd00000, 0x0000000100000000)
  eden space 458752K, 0% used [0x00000000e0500000,0x00000000e0500000,0x00000000fc500000)
  from space 2048K, 92% used [0x00000000fc500000,0x00000000fc6d8000,0x00000000fc700000)
  to   space 28672K, 0% used [0x00000000fe100000,0x00000000fe100000,0x00000000ffd00000)
 ParOldGen       total 311808K, used 252768K [0x00000000a0e00000, 0x00000000b3e80000, 0x00000000e0500000)
  object space 311808K, 81% used [0x00000000a0e00000,0x00000000b04d8130,0x00000000b3e80000)
 Metaspace       used 43135K, capacity 44002K, committed 44288K, reserved 1087488K
  class space    used 5394K, capacity 5600K, committed 5632K, reserved 1048576K
}
Event: 497.332 GC heap before
{Heap before GC invocations=397 (full 15):
 PSYoungGen      total 460800K, used 460640K [0x00000000e0500000, 0x00000000ffd00000, 0x0000000100000000)
  eden space 458752K, 100% used [0x00000000e0500000,0x00000000fc500000,0x00000000fc500000)
  from space 2048K, 92% used [0x00000000fc500000,0x00000000fc6d8000,0x00000000fc700000)
  to   space 28672K, 0% used [0x00000000fe100000,0x00000000fe100000,0x00000000ffd00000)
 ParOldGen       total 311808K, used 252768K [0x00000000a0e00000, 0x00000000b3e80000, 0x00000000e0500000)
  object space 311808K, 81% used [0x00000000a0e00000,0x00000000b04d8130,0x00000000b3e80000)
 Metaspace       used 43135K, capacity 44002K, committed 44288K, reserved 1087488K
  class space    used 5394K, capacity 5600K, committed 5632K, reserved 1048576K
Event: 497.339 GC heap after
Heap after GC invocations=397 (full 15):
 PSYoungGen      total 487424K, used 1664K [0x00000000e0500000, 0x00000000ffd00000, 0x0000000100000000)
  eden space 458752K, 0% used [0x00000000e0500000,0x00000000e0500000,0x00000000fc500000)
  from space 28672K, 5% used [0x00000000fe100000,0x00000000fe2a0000,0x00000000ffd00000)
  to   space 2048K, 0% used [0x00000000fc500000,0x00000000fc500000,0x00000000fc700000)
 ParOldGen       total 311808K, used 254592K [0x00000000a0e00000, 0x00000000b3e80000, 0x00000000e0500000)
  object space 311808K, 81% used [0x00000000a0e00000,0x00000000b06a0130,0x00000000b3e80000)
 Metaspace       used 43135K, capacity 44002K, committed 44288K, reserved 1087488K
  class space    used 5394K, capacity 5600K, committed 5632K, reserved 1048576K
}
Event: 498.036 GC heap before
{Heap before GC invocations=398 (full 15):
 PSYoungGen      total 487424K, used 460416K [0x00000000e0500000, 0x00000000ffd00000, 0x0000000100000000)
  eden space 458752K, 100% used [0x00000000e0500000,0x00000000fc500000,0x00000000fc500000)
  from space 28672K, 5% used [0x00000000fe100000,0x00000000fe2a0000,0x00000000ffd00000)
  to   space 2048K, 0% used [0x00000000fc500000,0x00000000fc500000,0x00000000fc700000)
 ParOldGen       total 311808K, used 254592K [0x00000000a0e00000, 0x00000000b3e80000, 0x00000000e0500000)
  object space 311808K, 81% used [0x00000000a0e00000,0x00000000b06a0130,0x00000000b3e80000)
 Metaspace       used 43135K, capacity 44002K, committed 44288K, reserved 1087488K
  class space    used 5394K, capacity 5600K, committed 5632K, reserved 1048576K
Event: 498.043 GC heap after
Heap after GC invocations=398 (full 15):
 PSYoungGen      total 460800K, used 1920K [0x00000000e0500000, 0x00000000ffd00000, 0x0000000100000000)
  eden space 458752K, 0% used [0x00000000e0500000,0x00000000e0500000,0x00000000fc500000)
  from space 2048K, 93% used [0x00000000fc500000,0x00000000fc6e0000,0x00000000fc700000)
  to   space 28672K, 0% used [0x00000000fe100000,0x00000000fe100000,0x00000000ffd00000)
 ParOldGen       total 311808K, used 256176K [0x00000000a0e00000, 0x00000000b3e80000, 0x00000000e0500000)
  object space 311808K, 82% used [0x00000000a0e00000,0x00000000b082c130,0x00000000b3e80000)
 Metaspace       used 43135K, capacity 44002K, committed 44288K, reserved 1087488K
  class space    used 5394K, capacity 5600K, committed 5632K, reserved 1048576K
}

